mode: atomic
github.com/cameronnewman/intercom-go/intercom.go:55.59,56.27 1 0
github.com/cameronnewman/intercom-go/intercom.go:59.2,59.17 1 0
github.com/cameronnewman/intercom-go/intercom.go:56.27,58.3 1 0
github.com/cameronnewman/intercom-go/intercom.go:63.46,68.2 4 0
github.com/cameronnewman/intercom-go/intercom.go:71.94,75.2 3 0
github.com/cameronnewman/intercom-go/intercom.go:78.35,79.32 1 0
github.com/cameronnewman/intercom-go/intercom.go:79.32,83.3 3 0
github.com/cameronnewman/intercom-go/intercom.go:88.37,89.32 1 0
github.com/cameronnewman/intercom-go/intercom.go:89.32,93.3 3 0
github.com/cameronnewman/intercom-go/intercom.go:98.61,99.32 1 0
github.com/cameronnewman/intercom-go/intercom.go:99.32,104.3 4 0
github.com/cameronnewman/intercom-go/intercom.go:107.26,128.2 20 0
github.com/cameronnewman/intercom-go/job_item.go:12.64,14.2 1 3
github.com/cameronnewman/intercom-go/job_item.go:17.45,19.2 1 1
github.com/cameronnewman/intercom-go/job_item.go:33.44,35.2 1 6
github.com/cameronnewman/intercom-go/notification.go:31.58,36.16 3 17
github.com/cameronnewman/intercom-go/notification.go:39.2,39.28 1 16
github.com/cameronnewman/intercom-go/notification.go:72.2,72.26 1 16
github.com/cameronnewman/intercom-go/notification.go:36.16,38.3 1 1
github.com/cameronnewman/intercom-go/notification.go:47.31,50.32 3 8
github.com/cameronnewman/intercom-go/notification.go:54.24,57.24 3 4
github.com/cameronnewman/intercom-go/notification.go:59.22,62.23 3 2
github.com/cameronnewman/intercom-go/notification.go:63.25,66.27 3 1
github.com/cameronnewman/intercom-go/notification.go:67.23,70.25 3 1
github.com/cameronnewman/intercom-go/tag_api.go:23.43,26.16 3 1
github.com/cameronnewman/intercom-go/tag_api.go:29.2,30.21 2 1
github.com/cameronnewman/intercom-go/tag_api.go:26.16,28.3 1 0
github.com/cameronnewman/intercom-go/tag_api.go:33.47,36.16 3 1
github.com/cameronnewman/intercom-go/tag_api.go:39.2,40.22 2 1
github.com/cameronnewman/intercom-go/tag_api.go:36.16,38.3 1 0
github.com/cameronnewman/intercom-go/tag_api.go:43.43,46.2 2 1
github.com/cameronnewman/intercom-go/tag_api.go:48.62,51.16 3 1
github.com/cameronnewman/intercom-go/tag_api.go:54.2,55.22 2 1
github.com/cameronnewman/intercom-go/tag_api.go:51.16,53.3 1 0
github.com/cameronnewman/intercom-go/user_api.go:46.63,48.2 1 2
github.com/cameronnewman/intercom-go/user_api.go:50.77,51.9 1 2
github.com/cameronnewman/intercom-go/user_api.go:57.2,57.51 1 0
github.com/cameronnewman/intercom-go/user_api.go:52.23,53.70 1 1
github.com/cameronnewman/intercom-go/user_api.go:54.47,55.46 1 1
github.com/cameronnewman/intercom-go/user_api.go:60.66,63.16 3 4
github.com/cameronnewman/intercom-go/user_api.go:66.2,67.22 2 4
github.com/cameronnewman/intercom-go/user_api.go:63.16,65.3 1 0
github.com/cameronnewman/intercom-go/user_api.go:70.65,77.16 5 0
github.com/cameronnewman/intercom-go/user_api.go:80.2,81.22 2 0
github.com/cameronnewman/intercom-go/user_api.go:77.16,79.3 1 0
github.com/cameronnewman/intercom-go/user_api.go:84.51,86.2 1 1
github.com/cameronnewman/intercom-go/user_api.go:88.60,90.16 2 4
github.com/cameronnewman/intercom-go/user_api.go:93.2,94.23 2 3
github.com/cameronnewman/intercom-go/user_api.go:90.16,92.3 1 1
github.com/cameronnewman/intercom-go/user_api.go:97.52,100.16 3 1
github.com/cameronnewman/intercom-go/user_api.go:103.2,104.18 2 0
github.com/cameronnewman/intercom-go/user_api.go:100.16,102.3 1 1
github.com/cameronnewman/intercom-go/contact_api.go:27.69,29.2 1 1
github.com/cameronnewman/intercom-go/contact_api.go:31.80,32.9 1 1
github.com/cameronnewman/intercom-go/contact_api.go:38.2,38.54 1 0
github.com/cameronnewman/intercom-go/contact_api.go:33.23,34.73 1 1
github.com/cameronnewman/intercom-go/contact_api.go:35.27,36.49 1 0
github.com/cameronnewman/intercom-go/contact_api.go:41.75,44.16 3 2
github.com/cameronnewman/intercom-go/contact_api.go:47.2,48.25 2 2
github.com/cameronnewman/intercom-go/contact_api.go:44.16,46.3 1 0
github.com/cameronnewman/intercom-go/contact_api.go:51.71,55.16 4 0
github.com/cameronnewman/intercom-go/contact_api.go:58.2,59.25 2 0
github.com/cameronnewman/intercom-go/contact_api.go:55.16,57.3 1 0
github.com/cameronnewman/intercom-go/contact_api.go:62.65,65.2 2 1
github.com/cameronnewman/intercom-go/contact_api.go:67.65,70.2 2 1
github.com/cameronnewman/intercom-go/contact_api.go:72.75,80.2 2 1
github.com/cameronnewman/intercom-go/contact_api.go:82.58,85.16 3 1
github.com/cameronnewman/intercom-go/contact_api.go:88.2,89.21 2 1
github.com/cameronnewman/intercom-go/contact_api.go:85.16,87.3 1 0
github.com/cameronnewman/intercom-go/contact_api.go:97.66,99.16 2 3
github.com/cameronnewman/intercom-go/contact_api.go:102.2,103.26 2 3
github.com/cameronnewman/intercom-go/contact_api.go:99.16,101.3 1 0
github.com/cameronnewman/intercom-go/contact_api.go:106.73,121.2 1 3
github.com/cameronnewman/intercom-go/contact_api.go:123.85,124.30 1 3
github.com/cameronnewman/intercom-go/contact_api.go:127.2,127.88 1 0
github.com/cameronnewman/intercom-go/contact_api.go:124.30,126.3 1 3
github.com/cameronnewman/intercom-go/contact.go:52.63,54.2 1 1
github.com/cameronnewman/intercom-go/contact.go:57.71,59.2 1 1
github.com/cameronnewman/intercom-go/contact.go:61.92,63.2 1 2
github.com/cameronnewman/intercom-go/contact.go:66.71,68.2 1 1
github.com/cameronnewman/intercom-go/contact.go:71.74,73.2 1 0
github.com/cameronnewman/intercom-go/contact.go:76.92,78.2 1 1
github.com/cameronnewman/intercom-go/contact.go:81.98,83.2 1 0
github.com/cameronnewman/intercom-go/contact.go:86.90,88.2 1 0
github.com/cameronnewman/intercom-go/contact.go:91.68,93.2 1 1
github.com/cameronnewman/intercom-go/contact.go:96.68,98.2 1 1
github.com/cameronnewman/intercom-go/contact.go:101.78,103.2 1 1
github.com/cameronnewman/intercom-go/contact.go:106.68,108.2 1 1
github.com/cameronnewman/intercom-go/contact.go:111.50,118.2 1 2
github.com/cameronnewman/intercom-go/contact.go:120.34,122.2 1 0
github.com/cameronnewman/intercom-go/bool.go:5.29,7.2 1 4
github.com/cameronnewman/intercom-go/tag.go:22.46,24.2 1 1
github.com/cameronnewman/intercom-go/tag.go:27.50,29.2 1 1
github.com/cameronnewman/intercom-go/tag.go:32.46,34.2 1 1
github.com/cameronnewman/intercom-go/tag.go:37.65,39.2 1 1
github.com/cameronnewman/intercom-go/tag.go:41.30,43.2 1 0
github.com/cameronnewman/intercom-go/company.go:65.63,67.2 1 1
github.com/cameronnewman/intercom-go/company.go:71.77,73.2 1 1
github.com/cameronnewman/intercom-go/company.go:76.67,78.2 1 1
github.com/cameronnewman/intercom-go/company.go:80.95,82.2 1 3
github.com/cameronnewman/intercom-go/company.go:85.71,87.2 1 1
github.com/cameronnewman/intercom-go/company.go:90.98,92.2 1 0
github.com/cameronnewman/intercom-go/company.go:95.90,97.2 1 0
github.com/cameronnewman/intercom-go/company.go:100.88,102.2 1 1
github.com/cameronnewman/intercom-go/company.go:105.102,107.2 1 1
github.com/cameronnewman/intercom-go/company.go:109.110,111.2 1 2
github.com/cameronnewman/intercom-go/company.go:114.74,116.2 1 0
github.com/cameronnewman/intercom-go/company.go:119.63,121.2 1 1
github.com/cameronnewman/intercom-go/company.go:123.34,125.2 1 0
github.com/cameronnewman/intercom-go/company.go:127.31,129.2 1 0
github.com/cameronnewman/intercom-go/conversation_api.go:27.90,30.16 3 3
github.com/cameronnewman/intercom-go/conversation_api.go:33.2,34.23 2 3
github.com/cameronnewman/intercom-go/conversation_api.go:30.16,32.3 1 0
github.com/cameronnewman/intercom-go/conversation_api.go:37.66,40.16 3 1
github.com/cameronnewman/intercom-go/conversation_api.go:43.2,44.26 2 1
github.com/cameronnewman/intercom-go/conversation_api.go:40.16,42.3 1 0
github.com/cameronnewman/intercom-go/conversation_api.go:47.81,50.16 3 2
github.com/cameronnewman/intercom-go/conversation_api.go:53.2,54.26 2 2
github.com/cameronnewman/intercom-go/conversation_api.go:50.16,52.3 1 0
github.com/cameronnewman/intercom-go/conversation_api.go:57.66,60.16 3 1
github.com/cameronnewman/intercom-go/conversation_api.go:63.2,64.26 2 1
github.com/cameronnewman/intercom-go/conversation_api.go:60.16,62.3 1 0
github.com/cameronnewman/intercom-go/event_api.go:15.46,18.2 2 2
github.com/cameronnewman/intercom-go/reply.go:35.40,37.2 1 9
github.com/cameronnewman/intercom-go/segments.go:25.54,27.2 1 1
github.com/cameronnewman/intercom-go/segments.go:30.59,32.2 1 1
github.com/cameronnewman/intercom-go/segments.go:34.34,36.2 1 0
github.com/cameronnewman/intercom-go/admin_api.go:18.47,21.16 3 1
github.com/cameronnewman/intercom-go/admin_api.go:24.2,25.23 2 1
github.com/cameronnewman/intercom-go/admin_api.go:21.16,23.3 1 0
github.com/cameronnewman/intercom-go/job_api.go:21.62,22.27 1 2
github.com/cameronnewman/intercom-go/job_api.go:30.2,32.16 3 2
github.com/cameronnewman/intercom-go/job_api.go:35.2,36.22 2 2
github.com/cameronnewman/intercom-go/job_api.go:22.27,24.21 2 2
github.com/cameronnewman/intercom-go/job_api.go:25.14,27.61 2 1
github.com/cameronnewman/intercom-go/job_api.go:32.16,34.3 1 0
github.com/cameronnewman/intercom-go/job_api.go:39.56,42.16 3 0
github.com/cameronnewman/intercom-go/job_api.go:45.2,46.24 2 0
github.com/cameronnewman/intercom-go/job_api.go:42.16,44.3 1 0
github.com/cameronnewman/intercom-go/message.go:28.49,30.2 1 1
github.com/cameronnewman/intercom-go/message.go:32.64,35.9 2 1
github.com/cameronnewman/intercom-go/message.go:44.2,44.12 1 1
github.com/cameronnewman/intercom-go/message.go:36.25,37.32 1 1
github.com/cameronnewman/intercom-go/message.go:38.22,39.29 1 0
github.com/cameronnewman/intercom-go/message.go:40.10,41.26 1 0
github.com/cameronnewman/intercom-go/message.go:68.42,70.2 1 0
github.com/cameronnewman/intercom-go/message.go:73.81,75.2 1 1
github.com/cameronnewman/intercom-go/message.go:78.109,80.2 1 1
github.com/cameronnewman/intercom-go/message.go:83.74,85.2 1 2
github.com/cameronnewman/intercom-go/message.go:88.69,90.2 1 2
github.com/cameronnewman/intercom-go/conversation.go:69.88,71.2 1 1
github.com/cameronnewman/intercom-go/conversation.go:74.135,80.24 2 2
github.com/cameronnewman/intercom-go/conversation.go:83.2,83.26 1 2
github.com/cameronnewman/intercom-go/conversation.go:86.2,86.34 1 2
github.com/cameronnewman/intercom-go/conversation.go:80.24,82.3 1 1
github.com/cameronnewman/intercom-go/conversation.go:83.26,85.3 1 0
github.com/cameronnewman/intercom-go/conversation.go:90.132,98.26 2 2
github.com/cameronnewman/intercom-go/conversation.go:101.2,101.34 1 2
github.com/cameronnewman/intercom-go/conversation.go:98.26,100.3 1 1
github.com/cameronnewman/intercom-go/conversation.go:105.69,107.2 1 1
github.com/cameronnewman/intercom-go/conversation.go:110.73,112.2 1 1
github.com/cameronnewman/intercom-go/conversation.go:114.126,116.2 1 3
github.com/cameronnewman/intercom-go/conversation.go:119.169,121.2 1 1
github.com/cameronnewman/intercom-go/conversation.go:123.151,131.26 3 4
github.com/cameronnewman/intercom-go/conversation.go:138.2,138.39 1 4
github.com/cameronnewman/intercom-go/conversation.go:131.26,133.3 1 1
github.com/cameronnewman/intercom-go/conversation.go:133.8,137.3 3 3
github.com/cameronnewman/intercom-go/conversation.go:142.98,152.2 4 1
github.com/cameronnewman/intercom-go/conversation.go:155.84,157.2 1 0
github.com/cameronnewman/intercom-go/conversation.go:160.85,162.2 1 0
github.com/cameronnewman/intercom-go/event.go:21.49,23.2 1 2
github.com/cameronnewman/intercom-go/event.go:25.32,27.2 1 0
github.com/cameronnewman/intercom-go/message_api.go:19.78,22.16 3 1
github.com/cameronnewman/intercom-go/message_api.go:25.2,26.26 2 1
github.com/cameronnewman/intercom-go/message_api.go:22.16,24.3 1 0
github.com/cameronnewman/intercom-go/company_api.go:35.72,38.16 3 2
github.com/cameronnewman/intercom-go/company_api.go:41.2,42.21 2 2
github.com/cameronnewman/intercom-go/company_api.go:38.16,40.3 1 0
github.com/cameronnewman/intercom-go/company_api.go:45.83,46.9 1 2
github.com/cameronnewman/intercom-go/company_api.go:52.2,52.54 1 0
github.com/cameronnewman/intercom-go/company_api.go:47.23,48.74 1 1
github.com/cameronnewman/intercom-go/company_api.go:49.49,50.50 1 1
github.com/cameronnewman/intercom-go/company_api.go:55.75,58.16 3 1
github.com/cameronnewman/intercom-go/company_api.go:61.2,62.25 2 1
github.com/cameronnewman/intercom-go/company_api.go:58.16,60.3 1 0
github.com/cameronnewman/intercom-go/company_api.go:65.92,68.16 3 1
github.com/cameronnewman/intercom-go/company_api.go:71.2,72.29 2 1
github.com/cameronnewman/intercom-go/company_api.go:68.16,70.3 1 0
github.com/cameronnewman/intercom-go/company_api.go:75.102,76.9 1 1
github.com/cameronnewman/intercom-go/company_api.go:82.2,82.54 1 0
github.com/cameronnewman/intercom-go/company_api.go:77.16,78.76 1 1
github.com/cameronnewman/intercom-go/company_api.go:79.53,80.50 1 0
github.com/cameronnewman/intercom-go/company_api.go:85.71,89.16 4 0
github.com/cameronnewman/intercom-go/company_api.go:92.2,93.25 2 0
github.com/cameronnewman/intercom-go/company_api.go:89.16,91.3 1 0
github.com/cameronnewman/intercom-go/company_api.go:96.63,109.16 4 1
github.com/cameronnewman/intercom-go/company_api.go:112.2,113.26 2 1
github.com/cameronnewman/intercom-go/company_api.go:109.16,111.3 1 0
github.com/cameronnewman/intercom-go/company_api.go:116.60,117.25 1 1
github.com/cameronnewman/intercom-go/company_api.go:120.2,120.26 1 0
github.com/cameronnewman/intercom-go/company_api.go:117.25,119.3 1 1
github.com/cameronnewman/intercom-go/job.go:54.74,57.2 2 2
github.com/cameronnewman/intercom-go/job.go:60.75,63.2 2 0
github.com/cameronnewman/intercom-go/job.go:66.86,69.2 2 1
github.com/cameronnewman/intercom-go/job.go:72.87,75.2 2 0
github.com/cameronnewman/intercom-go/job.go:78.60,80.2 1 0
github.com/cameronnewman/intercom-go/job.go:82.38,84.2 1 0
github.com/cameronnewman/intercom-go/job.go:86.39,88.2 1 0
github.com/cameronnewman/intercom-go/requestUserMapper.go:13.66,31.2 1 2
github.com/cameronnewman/intercom-go/requestUserMapper.go:33.83,34.27 1 2
github.com/cameronnewman/intercom-go/requestUserMapper.go:37.2,37.69 1 1
github.com/cameronnewman/intercom-go/requestUserMapper.go:34.27,36.3 1 1
github.com/cameronnewman/intercom-go/requestUserMapper.go:40.96,42.38 2 1
github.com/cameronnewman/intercom-go/requestUserMapper.go:49.2,49.22 1 1
github.com/cameronnewman/intercom-go/requestUserMapper.go:42.38,48.3 1 1
github.com/cameronnewman/intercom-go/segment_api.go:21.51,24.16 3 1
github.com/cameronnewman/intercom-go/segment_api.go:27.2,28.25 2 1
github.com/cameronnewman/intercom-go/segment_api.go:24.16,26.3 1 0
github.com/cameronnewman/intercom-go/segment_api.go:31.56,34.16 3 1
github.com/cameronnewman/intercom-go/segment_api.go:37.2,38.21 2 1
github.com/cameronnewman/intercom-go/segment_api.go:34.16,36.3 1 0
github.com/cameronnewman/intercom-go/user.go:99.57,101.2 1 1
github.com/cameronnewman/intercom-go/user.go:104.65,106.2 1 1
github.com/cameronnewman/intercom-go/user.go:109.63,111.2 1 1
github.com/cameronnewman/intercom-go/user.go:113.86,115.2 1 3
github.com/cameronnewman/intercom-go/user.go:118.65,120.2 1 1
github.com/cameronnewman/intercom-go/user.go:123.68,125.2 1 0
github.com/cameronnewman/intercom-go/user.go:128.92,130.2 1 0
github.com/cameronnewman/intercom-go/user.go:133.84,135.2 1 0
github.com/cameronnewman/intercom-go/user.go:138.54,140.2 1 1
github.com/cameronnewman/intercom-go/user.go:142.55,144.2 1 1
github.com/cameronnewman/intercom-go/user.go:147.47,154.2 1 8
github.com/cameronnewman/intercom-go/user.go:156.31,158.2 1 0
github.com/cameronnewman/intercom-go/user.go:160.39,162.2 1 0
github.com/cameronnewman/intercom-go/user.go:164.40,166.2 1 0
github.com/cameronnewman/intercom-go/user.go:168.37,170.2 1 0
github.com/cameronnewman/intercom-go/admin.go:27.50,29.2 1 1
github.com/cameronnewman/intercom-go/admin.go:32.37,34.2 1 1
github.com/cameronnewman/intercom-go/admin.go:37.48,42.2 1 7
github.com/cameronnewman/intercom-go/admin.go:44.32,46.2 1 0
